<?xml version="1.0" encoding="UTF-8"?>
<testng-results ignored="0" total="4" passed="4" failed="0" skipped="0">
  <reporter-output>
  </reporter-output>
  <suite started-at="2022-03-16T09:20:28Z" name="Default suite" finished-at="2022-03-16T09:20:50Z" duration-ms="21638">
    <groups>
    </groups>
    <test started-at="2022-03-16T09:20:28Z" name="Default test" finished-at="2022-03-16T09:20:50Z" duration-ms="21638">
      <class name="AddressTestCases.AddressTest">
        <test-method is-config="true" signature="setUp()[pri:0, instance:AddressTestCases.AddressTest@449a4f23]" started-at="2022-03-16T09:20:28Z" name="setUp" finished-at="2022-03-16T09:20:33Z" duration-ms="4812" status="PASS">
          <reporter-output>
          </reporter-output>
        </test-method> <!-- setUp -->
        <test-method signature="createAddressTest()[pri:0, instance:AddressTestCases.AddressTest@449a4f23]" started-at="2022-03-16T09:20:33Z" name="createAddressTest" finished-at="2022-03-16T09:20:36Z" duration-ms="2833" status="PASS">
          <reporter-output>
          </reporter-output>
        </test-method> <!-- createAddressTest -->
        <test-method signature="deleteAddressTest()[pri:0, instance:AddressTestCases.AddressTest@449a4f23]" started-at="2022-03-16T09:20:36Z" name="deleteAddressTest" finished-at="2022-03-16T09:20:40Z" duration-ms="4059" status="PASS">
          <reporter-output>
          </reporter-output>
        </test-method> <!-- deleteAddressTest -->
        <test-method signature="getAddressTest()[pri:0, instance:AddressTestCases.AddressTest@449a4f23]" started-at="2022-03-16T09:20:40Z" name="getAddressTest" finished-at="2022-03-16T09:20:43Z" duration-ms="3101" status="PASS">
          <reporter-output>
          </reporter-output>
        </test-method> <!-- getAddressTest -->
        <test-method signature="updateAddressTest()[pri:0, instance:AddressTestCases.AddressTest@449a4f23]" started-at="2022-03-16T09:20:43Z" name="updateAddressTest" finished-at="2022-03-16T09:20:49Z" duration-ms="5852" status="PASS">
          <reporter-output>
          </reporter-output>
        </test-method> <!-- updateAddressTest -->
        <test-method is-config="true" signature="tearDown()[pri:0, instance:AddressTestCases.AddressTest@449a4f23]" started-at="2022-03-16T09:20:49Z" name="tearDown" finished-at="2022-03-16T09:20:50Z" duration-ms="936" status="PASS">
          <reporter-output>
          </reporter-output>
        </test-method> <!-- tearDown -->
      </class> <!-- AddressTestCases.AddressTest -->
    </test> <!-- Default test -->
  </suite> <!-- Default suite -->
</testng-results>
